<?xml version="1.0" encoding="UTF-8"?>
<testsuite name="com.hotelbooking.tests.VerifyValidUserTest" tests="2" skipped="0" failures="0" errors="0" timestamp="2020-01-21T16:05:10" hostname="siwapiwem-mbp" time="1.594">
  <properties/>
  <testcase name="testHotelBookingFormLandingPage" classname="com.hotelbooking.tests.VerifyValidUserTest" time="1.51"/>
  <testcase name="deleteUserReservation" classname="com.hotelbooking.tests.VerifyValidUserTest" time="0.076"/>
  <system-out><![CDATA[]]></system-out>
  <system-err><![CDATA[]]></system-err>
</testsuite>
